The system is: Linux - 3.10.32-std-def-alt1 - i686
Compiling the C compiler identification source file "CMakeCCompilerId.c" succeeded.
Compiler: /usr/bin/cc 
Build flags: 
Id flags: 

The output was:
0


Compilation of the C compiler identification source "CMakeCCompilerId.c" produced "a.out"

The C compiler identification is GNU, found in "/home/guest/myprogs/resh/task4/CMakeFiles/2.8.10.2/CompilerIdC/a.out"

Compiling the CXX compiler identification source file "CMakeCXXCompilerId.cpp" succeeded.
Compiler: /usr/bin/c++ 
Build flags: 
Id flags: 

The output was:
0


Compilation of the CXX compiler identification source "CMakeCXXCompilerId.cpp" produced "a.out"

The CXX compiler identification is GNU, found in "/home/guest/myprogs/resh/task4/CMakeFiles/2.8.10.2/CompilerIdCXX/a.out"

Determining if the C compiler works passed with the following output:
Change Dir: /home/guest/myprogs/resh/task4/CMakeFiles/CMakeTmp

Run Build Command:/usr/bin/gmake "cmTryCompileExec1524496003/fast"
/usr/bin/gmake -f CMakeFiles/cmTryCompileExec1524496003.dir/build.make CMakeFiles/cmTryCompileExec1524496003.dir/build
gmake[1]: Вход в каталог `/home/guest/myprogs/resh/task4/CMakeFiles/CMakeTmp'
/usr/bin/cmake -E cmake_progress_report /home/guest/myprogs/resh/task4/CMakeFiles/CMakeTmp/CMakeFiles 1
Building C object CMakeFiles/cmTryCompileExec1524496003.dir/testCCompiler.c.o
/usr/bin/cc    -o CMakeFiles/cmTryCompileExec1524496003.dir/testCCompiler.c.o   -c /home/guest/myprogs/resh/task4/CMakeFiles/CMakeTmp/testCCompiler.c
Linking C executable cmTryCompileExec1524496003
/usr/bin/cmake -E cmake_link_script CMakeFiles/cmTryCompileExec1524496003.dir/link.txt --verbose=1
/usr/bin/cc         CMakeFiles/cmTryCompileExec1524496003.dir/testCCompiler.c.o  -o cmTryCompileExec1524496003 -rdynamic 
gmake[1]: Выход из каталога `/home/guest/myprogs/resh/task4/CMakeFiles/CMakeTmp'


Detecting C compiler ABI info compiled with the following output:
Change Dir: /home/guest/myprogs/resh/task4/CMakeFiles/CMakeTmp

Run Build Command:/usr/bin/gmake "cmTryCompileExec4056894926/fast"
/usr/bin/gmake -f CMakeFiles/cmTryCompileExec4056894926.dir/build.make CMakeFiles/cmTryCompileExec4056894926.dir/build
gmake[1]: Вход в каталог `/home/guest/myprogs/resh/task4/CMakeFiles/CMakeTmp'
/usr/bin/cmake -E cmake_progress_report /home/guest/myprogs/resh/task4/CMakeFiles/CMakeTmp/CMakeFiles 1
Building C object CMakeFiles/cmTryCompileExec4056894926.dir/CMakeCCompilerABI.c.o
/usr/bin/cc    -o CMakeFiles/cmTryCompileExec4056894926.dir/CMakeCCompilerABI.c.o   -c /usr/share/CMake/Modules/CMakeCCompilerABI.c
Linking C executable cmTryCompileExec4056894926
/usr/bin/cmake -E cmake_link_script CMakeFiles/cmTryCompileExec4056894926.dir/link.txt --verbose=1
/usr/bin/cc       -v CMakeFiles/cmTryCompileExec4056894926.dir/CMakeCCompilerABI.c.o  -o cmTryCompileExec4056894926 -rdynamic  
Using built-in specs.
COLLECT_GCC=i586-alt-linux-gcc
COLLECT_LTO_WRAPPER=/usr/libexec/gcc/i586-alt-linux/4.7.2/lto-wrapper
Target: i586-alt-linux
Configured with: ../configure --host=i586-alt-linux --build=i586-alt-linux --target=i586-alt-linux --prefix=/usr --exec-prefix=/usr --bindir=/usr/bin --sbindir=/usr/sbin --sysconfdir=/etc --datadir=/usr/share --includedir=/usr/include --libdir=/usr/lib --libexecdir=/usr/libexec --localstatedir=/var/lib --sharedstatedir=/var/lib --mandir=/usr/share/man --infodir=/usr/share/info --disable-dependency-tracking --without-included-gettext --enable-shared --enable-bootstrap --program-suffix=-4.7 --with-slibdir=/lib --with-bugurl=http://bugzilla.altlinux.org --enable-__cxa_atexit --enable-threads=posix --enable-checking=release --with-system-zlib --without-included-gettext --enable-multilib --enable-gnu-unique-object --enable-linker-build-id --with-linker-hash-style=gnu --enable-languages=c,c++,fortran,objc,obj-c++,java,ada,go,lto --enable-plugin --enable-java-awt=gtk --with-native-libdir=/usr/lib/gcj-4.7 --with-ecj-jar=/usr/share/java/ecj.jar --with-java-home=/usr/lib/jvm/java-1.5.0-gcj-4.7-1.5.0.0/jre --enable-libgcj-multifile --disable-libjava-multilib --enable-java-maintainer-mode --with-arch=i586 --with-tune=generic
Thread model: posix
gcc version 4.7.2 20121109 (ALT Linux 4.7.2-alt7) (GCC) 
COMPILER_PATH=/usr/libexec/gcc/i586-alt-linux/4.7.2/:/usr/libexec/gcc/i586-alt-linux/4.7.2/:/usr/libexec/gcc/i586-alt-linux/:/usr/lib/gcc/i586-alt-linux/4.7.2/:/usr/lib/gcc/i586-alt-linux/
LIBRARY_PATH=/usr/lib/gcc/i586-alt-linux/4.7.2/:/usr/lib/gcc/i586-alt-linux/4.7.2/../../../:/lib/:/usr/lib/
COLLECT_GCC_OPTIONS='-v' '-o' 'cmTryCompileExec4056894926' '-rdynamic' '-mtune=generic' '-march=i586'
 /usr/libexec/gcc/i586-alt-linux/4.7.2/collect2 --as-needed --build-id --eh-frame-hdr --hash-style=gnu -m elf_i386 -export-dynamic -dynamic-linker /lib/ld-linux.so.2 -o cmTryCompileExec4056894926 -z relro /usr/lib/gcc/i586-alt-linux/4.7.2/../../../crt1.o /usr/lib/gcc/i586-alt-linux/4.7.2/../../../crti.o /usr/lib/gcc/i586-alt-linux/4.7.2/crtbegin.o -L/usr/lib/gcc/i586-alt-linux/4.7.2 -L/usr/lib/gcc/i586-alt-linux/4.7.2/../../.. CMakeFiles/cmTryCompileExec4056894926.dir/CMakeCCompilerABI.c.o -lgcc --as-needed -lgcc_s -lc -lgcc --as-needed -lgcc_s /usr/lib/gcc/i586-alt-linux/4.7.2/crtend.o /usr/lib/gcc/i586-alt-linux/4.7.2/../../../crtn.o
gmake[1]: Выход из каталога `/home/guest/myprogs/resh/task4/CMakeFiles/CMakeTmp'


Parsed C implicit link information from above output:
  link line regex: [^( *|.*[/\])(ld|ld|collect2)[^/\]*( |$)]
  ignore line: [Change Dir: /home/guest/myprogs/resh/task4/CMakeFiles/CMakeTmp]
  ignore line: []
  ignore line: [Run Build Command:/usr/bin/gmake "cmTryCompileExec4056894926/fast"]
  ignore line: [/usr/bin/gmake -f CMakeFiles/cmTryCompileExec4056894926.dir/build.make CMakeFiles/cmTryCompileExec4056894926.dir/build]
  ignore line: [gmake[1]: Вход в каталог `/home/guest/myprogs/resh/task4/CMakeFiles/CMakeTmp']
  ignore line: [/usr/bin/cmake -E cmake_progress_report /home/guest/myprogs/resh/task4/CMakeFiles/CMakeTmp/CMakeFiles 1]
  ignore line: [Building C object CMakeFiles/cmTryCompileExec4056894926.dir/CMakeCCompilerABI.c.o]
  ignore line: [/usr/bin/cc    -o CMakeFiles/cmTryCompileExec4056894926.dir/CMakeCCompilerABI.c.o   -c /usr/share/CMake/Modules/CMakeCCompilerABI.c]
  ignore line: [Linking C executable cmTryCompileExec4056894926]
  ignore line: [/usr/bin/cmake -E cmake_link_script CMakeFiles/cmTryCompileExec4056894926.dir/link.txt --verbose=1]
  ignore line: [/usr/bin/cc       -v CMakeFiles/cmTryCompileExec4056894926.dir/CMakeCCompilerABI.c.o  -o cmTryCompileExec4056894926 -rdynamic  ]
  ignore line: [Using built-in specs.]
  ignore line: [COLLECT_GCC=i586-alt-linux-gcc]
  ignore line: [COLLECT_LTO_WRAPPER=/usr/libexec/gcc/i586-alt-linux/4.7.2/lto-wrapper]
  ignore line: [Target: i586-alt-linux]
  ignore line: [Configured with: ../configure --host=i586-alt-linux --build=i586-alt-linux --target=i586-alt-linux --prefix=/usr --exec-prefix=/usr --bindir=/usr/bin --sbindir=/usr/sbin --sysconfdir=/etc --datadir=/usr/share --includedir=/usr/include --libdir=/usr/lib --libexecdir=/usr/libexec --localstatedir=/var/lib --sharedstatedir=/var/lib --mandir=/usr/share/man --infodir=/usr/share/info --disable-dependency-tracking --without-included-gettext --enable-shared --enable-bootstrap --program-suffix=-4.7 --with-slibdir=/lib --with-bugurl=http://bugzilla.altlinux.org --enable-__cxa_atexit --enable-threads=posix --enable-checking=release --with-system-zlib --without-included-gettext --enable-multilib --enable-gnu-unique-object --enable-linker-build-id --with-linker-hash-style=gnu --enable-languages=c,c++,fortran,objc,obj-c++,java,ada,go,lto --enable-plugin --enable-java-awt=gtk --with-native-libdir=/usr/lib/gcj-4.7 --with-ecj-jar=/usr/share/java/ecj.jar --with-java-home=/usr/lib/jvm/java-1.5.0-gcj-4.7-1.5.0.0/jre --enable-libgcj-multifile --disable-libjava-multilib --enable-java-maintainer-mode --with-arch=i586 --with-tune=generic]
  ignore line: [Thread model: posix]
  ignore line: [gcc version 4.7.2 20121109 (ALT Linux 4.7.2-alt7) (GCC) ]
  ignore line: [COMPILER_PATH=/usr/libexec/gcc/i586-alt-linux/4.7.2/:/usr/libexec/gcc/i586-alt-linux/4.7.2/:/usr/libexec/gcc/i586-alt-linux/:/usr/lib/gcc/i586-alt-linux/4.7.2/:/usr/lib/gcc/i586-alt-linux/]
  ignore line: [LIBRARY_PATH=/usr/lib/gcc/i586-alt-linux/4.7.2/:/usr/lib/gcc/i586-alt-linux/4.7.2/../../../:/lib/:/usr/lib/]
  ignore line: [COLLECT_GCC_OPTIONS='-v' '-o' 'cmTryCompileExec4056894926' '-rdynamic' '-mtune=generic' '-march=i586']
  link line: [ /usr/libexec/gcc/i586-alt-linux/4.7.2/collect2 --as-needed --build-id --eh-frame-hdr --hash-style=gnu -m elf_i386 -export-dynamic -dynamic-linker /lib/ld-linux.so.2 -o cmTryCompileExec4056894926 -z relro /usr/lib/gcc/i586-alt-linux/4.7.2/../../../crt1.o /usr/lib/gcc/i586-alt-linux/4.7.2/../../../crti.o /usr/lib/gcc/i586-alt-linux/4.7.2/crtbegin.o -L/usr/lib/gcc/i586-alt-linux/4.7.2 -L/usr/lib/gcc/i586-alt-linux/4.7.2/../../.. CMakeFiles/cmTryCompileExec4056894926.dir/CMakeCCompilerABI.c.o -lgcc --as-needed -lgcc_s -lc -lgcc --as-needed -lgcc_s /usr/lib/gcc/i586-alt-linux/4.7.2/crtend.o /usr/lib/gcc/i586-alt-linux/4.7.2/../../../crtn.o]
    arg [/usr/libexec/gcc/i586-alt-linux/4.7.2/collect2] ==> ignore
    arg [--as-needed] ==> ignore
    arg [--build-id] ==> ignore
    arg [--eh-frame-hdr] ==> ignore
    arg [--hash-style=gnu] ==> ignore
    arg [-m] ==> ignore
    arg [elf_i386] ==> ignore
    arg [-export-dynamic] ==> ignore
    arg [-dynamic-linker] ==> ignore
    arg [/lib/ld-linux.so.2] ==> ignore
    arg [-o] ==> ignore
    arg [cmTryCompileExec4056894926] ==> ignore
    arg [-zrelro] ==> ignore
    arg [/usr/lib/gcc/i586-alt-linux/4.7.2/../../../crt1.o] ==> ignore
    arg [/usr/lib/gcc/i586-alt-linux/4.7.2/../../../crti.o] ==> ignore
    arg [/usr/lib/gcc/i586-alt-linux/4.7.2/crtbegin.o] ==> ignore
    arg [-L/usr/lib/gcc/i586-alt-linux/4.7.2] ==> dir [/usr/lib/gcc/i586-alt-linux/4.7.2]
    arg [-L/usr/lib/gcc/i586-alt-linux/4.7.2/../../..] ==> dir [/usr/lib/gcc/i586-alt-linux/4.7.2/../../..]
    arg [CMakeFiles/cmTryCompileExec4056894926.dir/CMakeCCompilerABI.c.o] ==> ignore
    arg [-lgcc] ==> lib [gcc]
    arg [--as-needed] ==> ignore
    arg [-lgcc_s] ==> lib [gcc_s]
    arg [-lc] ==> lib [c]
    arg [-lgcc] ==> lib [gcc]
    arg [--as-needed] ==> ignore
    arg [-lgcc_s] ==> lib [gcc_s]
    arg [/usr/lib/gcc/i586-alt-linux/4.7.2/crtend.o] ==> ignore
    arg [/usr/lib/gcc/i586-alt-linux/4.7.2/../../../crtn.o] ==> ignore
  remove lib [gcc]
  remove lib [gcc_s]
  remove lib [gcc]
  remove lib [gcc_s]
  collapse dir [/usr/lib/gcc/i586-alt-linux/4.7.2] ==> [/usr/lib/gcc/i586-alt-linux/4.7.2]
  collapse dir [/usr/lib/gcc/i586-alt-linux/4.7.2/../../..] ==> [/usr/lib]
  implicit libs: [c]
  implicit dirs: [/usr/lib/gcc/i586-alt-linux/4.7.2;/usr/lib]


Determining if the CXX compiler works passed with the following output:
Change Dir: /home/guest/myprogs/resh/task4/CMakeFiles/CMakeTmp

Run Build Command:/usr/bin/gmake "cmTryCompileExec599192021/fast"
/usr/bin/gmake -f CMakeFiles/cmTryCompileExec599192021.dir/build.make CMakeFiles/cmTryCompileExec599192021.dir/build
gmake[1]: Вход в каталог `/home/guest/myprogs/resh/task4/CMakeFiles/CMakeTmp'
/usr/bin/cmake -E cmake_progress_report /home/guest/myprogs/resh/task4/CMakeFiles/CMakeTmp/CMakeFiles 1
Building CXX object CMakeFiles/cmTryCompileExec599192021.dir/testCXXCompiler.cxx.o
/usr/bin/c++     -o CMakeFiles/cmTryCompileExec599192021.dir/testCXXCompiler.cxx.o -c /home/guest/myprogs/resh/task4/CMakeFiles/CMakeTmp/testCXXCompiler.cxx
Linking CXX executable cmTryCompileExec599192021
/usr/bin/cmake -E cmake_link_script CMakeFiles/cmTryCompileExec599192021.dir/link.txt --verbose=1
/usr/bin/c++          CMakeFiles/cmTryCompileExec599192021.dir/testCXXCompiler.cxx.o  -o cmTryCompileExec599192021 -rdynamic 
gmake[1]: Выход из каталога `/home/guest/myprogs/resh/task4/CMakeFiles/CMakeTmp'


Detecting CXX compiler ABI info compiled with the following output:
Change Dir: /home/guest/myprogs/resh/task4/CMakeFiles/CMakeTmp

Run Build Command:/usr/bin/gmake "cmTryCompileExec4071165557/fast"
/usr/bin/gmake -f CMakeFiles/cmTryCompileExec4071165557.dir/build.make CMakeFiles/cmTryCompileExec4071165557.dir/build
gmake[1]: Вход в каталог `/home/guest/myprogs/resh/task4/CMakeFiles/CMakeTmp'
/usr/bin/cmake -E cmake_progress_report /home/guest/myprogs/resh/task4/CMakeFiles/CMakeTmp/CMakeFiles 1
Building CXX object CMakeFiles/cmTryCompileExec4071165557.dir/CMakeCXXCompilerABI.cpp.o
/usr/bin/c++     -o CMakeFiles/cmTryCompileExec4071165557.dir/CMakeCXXCompilerABI.cpp.o -c /usr/share/CMake/Modules/CMakeCXXCompilerABI.cpp
Linking CXX executable cmTryCompileExec4071165557
/usr/bin/cmake -E cmake_link_script CMakeFiles/cmTryCompileExec4071165557.dir/link.txt --verbose=1
/usr/bin/c++        -v CMakeFiles/cmTryCompileExec4071165557.dir/CMakeCXXCompilerABI.cpp.o  -o cmTryCompileExec4071165557 -rdynamic  
Using built-in specs.
COLLECT_GCC=i586-alt-linux-g++
COLLECT_LTO_WRAPPER=/usr/libexec/gcc/i586-alt-linux/4.7.2/lto-wrapper
Target: i586-alt-linux
Configured with: ../configure --host=i586-alt-linux --build=i586-alt-linux --target=i586-alt-linux --prefix=/usr --exec-prefix=/usr --bindir=/usr/bin --sbindir=/usr/sbin --sysconfdir=/etc --datadir=/usr/share --includedir=/usr/include --libdir=/usr/lib --libexecdir=/usr/libexec --localstatedir=/var/lib --sharedstatedir=/var/lib --mandir=/usr/share/man --infodir=/usr/share/info --disable-dependency-tracking --without-included-gettext --enable-shared --enable-bootstrap --program-suffix=-4.7 --with-slibdir=/lib --with-bugurl=http://bugzilla.altlinux.org --enable-__cxa_atexit --enable-threads=posix --enable-checking=release --with-system-zlib --without-included-gettext --enable-multilib --enable-gnu-unique-object --enable-linker-build-id --with-linker-hash-style=gnu --enable-languages=c,c++,fortran,objc,obj-c++,java,ada,go,lto --enable-plugin --enable-java-awt=gtk --with-native-libdir=/usr/lib/gcj-4.7 --with-ecj-jar=/usr/share/java/ecj.jar --with-java-home=/usr/lib/jvm/java-1.5.0-gcj-4.7-1.5.0.0/jre --enable-libgcj-multifile --disable-libjava-multilib --enable-java-maintainer-mode --with-arch=i586 --with-tune=generic
Thread model: posix
gcc version 4.7.2 20121109 (ALT Linux 4.7.2-alt7) (GCC) 
COMPILER_PATH=/usr/libexec/gcc/i586-alt-linux/4.7.2/:/usr/libexec/gcc/i586-alt-linux/4.7.2/:/usr/libexec/gcc/i586-alt-linux/:/usr/lib/gcc/i586-alt-linux/4.7.2/:/usr/lib/gcc/i586-alt-linux/
LIBRARY_PATH=/usr/lib/gcc/i586-alt-linux/4.7.2/:/usr/lib/gcc/i586-alt-linux/4.7.2/../../../:/lib/:/usr/lib/
COLLECT_GCC_OPTIONS='-v' '-o' 'cmTryCompileExec4071165557' '-rdynamic' '-shared-libgcc' '-mtune=generic' '-march=i586'
 /usr/libexec/gcc/i586-alt-linux/4.7.2/collect2 --as-needed --build-id --eh-frame-hdr --hash-style=gnu -m elf_i386 -export-dynamic -dynamic-linker /lib/ld-linux.so.2 -o cmTryCompileExec4071165557 -z relro /usr/lib/gcc/i586-alt-linux/4.7.2/../../../crt1.o /usr/lib/gcc/i586-alt-linux/4.7.2/../../../crti.o /usr/lib/gcc/i586-alt-linux/4.7.2/crtbegin.o -L/usr/lib/gcc/i586-alt-linux/4.7.2 -L/usr/lib/gcc/i586-alt-linux/4.7.2/../../.. CMakeFiles/cmTryCompileExec4071165557.dir/CMakeCXXCompilerABI.cpp.o -lstdc++ -lm -lgcc_s -lgcc -lc -lgcc_s -lgcc /usr/lib/gcc/i586-alt-linux/4.7.2/crtend.o /usr/lib/gcc/i586-alt-linux/4.7.2/../../../crtn.o
gmake[1]: Выход из каталога `/home/guest/myprogs/resh/task4/CMakeFiles/CMakeTmp'


Parsed CXX implicit link information from above output:
  link line regex: [^( *|.*[/\])(ld|ld|collect2)[^/\]*( |$)]
  ignore line: [Change Dir: /home/guest/myprogs/resh/task4/CMakeFiles/CMakeTmp]
  ignore line: []
  ignore line: [Run Build Command:/usr/bin/gmake "cmTryCompileExec4071165557/fast"]
  ignore line: [/usr/bin/gmake -f CMakeFiles/cmTryCompileExec4071165557.dir/build.make CMakeFiles/cmTryCompileExec4071165557.dir/build]
  ignore line: [gmake[1]: Вход в каталог `/home/guest/myprogs/resh/task4/CMakeFiles/CMakeTmp']
  ignore line: [/usr/bin/cmake -E cmake_progress_report /home/guest/myprogs/resh/task4/CMakeFiles/CMakeTmp/CMakeFiles 1]
  ignore line: [Building CXX object CMakeFiles/cmTryCompileExec4071165557.dir/CMakeCXXCompilerABI.cpp.o]
  ignore line: [/usr/bin/c++     -o CMakeFiles/cmTryCompileExec4071165557.dir/CMakeCXXCompilerABI.cpp.o -c /usr/share/CMake/Modules/CMakeCXXCompilerABI.cpp]
  ignore line: [Linking CXX executable cmTryCompileExec4071165557]
  ignore line: [/usr/bin/cmake -E cmake_link_script CMakeFiles/cmTryCompileExec4071165557.dir/link.txt --verbose=1]
  ignore line: [/usr/bin/c++        -v CMakeFiles/cmTryCompileExec4071165557.dir/CMakeCXXCompilerABI.cpp.o  -o cmTryCompileExec4071165557 -rdynamic  ]
  ignore line: [Using built-in specs.]
  ignore line: [COLLECT_GCC=i586-alt-linux-g++]
  ignore line: [COLLECT_LTO_WRAPPER=/usr/libexec/gcc/i586-alt-linux/4.7.2/lto-wrapper]
  ignore line: [Target: i586-alt-linux]
  ignore line: [Configured with: ../configure --host=i586-alt-linux --build=i586-alt-linux --target=i586-alt-linux --prefix=/usr --exec-prefix=/usr --bindir=/usr/bin --sbindir=/usr/sbin --sysconfdir=/etc --datadir=/usr/share --includedir=/usr/include --libdir=/usr/lib --libexecdir=/usr/libexec --localstatedir=/var/lib --sharedstatedir=/var/lib --mandir=/usr/share/man --infodir=/usr/share/info --disable-dependency-tracking --without-included-gettext --enable-shared --enable-bootstrap --program-suffix=-4.7 --with-slibdir=/lib --with-bugurl=http://bugzilla.altlinux.org --enable-__cxa_atexit --enable-threads=posix --enable-checking=release --with-system-zlib --without-included-gettext --enable-multilib --enable-gnu-unique-object --enable-linker-build-id --with-linker-hash-style=gnu --enable-languages=c,c++,fortran,objc,obj-c++,java,ada,go,lto --enable-plugin --enable-java-awt=gtk --with-native-libdir=/usr/lib/gcj-4.7 --with-ecj-jar=/usr/share/java/ecj.jar --with-java-home=/usr/lib/jvm/java-1.5.0-gcj-4.7-1.5.0.0/jre --enable-libgcj-multifile --disable-libjava-multilib --enable-java-maintainer-mode --with-arch=i586 --with-tune=generic]
  ignore line: [Thread model: posix]
  ignore line: [gcc version 4.7.2 20121109 (ALT Linux 4.7.2-alt7) (GCC) ]
  ignore line: [COMPILER_PATH=/usr/libexec/gcc/i586-alt-linux/4.7.2/:/usr/libexec/gcc/i586-alt-linux/4.7.2/:/usr/libexec/gcc/i586-alt-linux/:/usr/lib/gcc/i586-alt-linux/4.7.2/:/usr/lib/gcc/i586-alt-linux/]
  ignore line: [LIBRARY_PATH=/usr/lib/gcc/i586-alt-linux/4.7.2/:/usr/lib/gcc/i586-alt-linux/4.7.2/../../../:/lib/:/usr/lib/]
  ignore line: [COLLECT_GCC_OPTIONS='-v' '-o' 'cmTryCompileExec4071165557' '-rdynamic' '-shared-libgcc' '-mtune=generic' '-march=i586']
  link line: [ /usr/libexec/gcc/i586-alt-linux/4.7.2/collect2 --as-needed --build-id --eh-frame-hdr --hash-style=gnu -m elf_i386 -export-dynamic -dynamic-linker /lib/ld-linux.so.2 -o cmTryCompileExec4071165557 -z relro /usr/lib/gcc/i586-alt-linux/4.7.2/../../../crt1.o /usr/lib/gcc/i586-alt-linux/4.7.2/../../../crti.o /usr/lib/gcc/i586-alt-linux/4.7.2/crtbegin.o -L/usr/lib/gcc/i586-alt-linux/4.7.2 -L/usr/lib/gcc/i586-alt-linux/4.7.2/../../.. CMakeFiles/cmTryCompileExec4071165557.dir/CMakeCXXCompilerABI.cpp.o -lstdc++ -lm -lgcc_s -lgcc -lc -lgcc_s -lgcc /usr/lib/gcc/i586-alt-linux/4.7.2/crtend.o /usr/lib/gcc/i586-alt-linux/4.7.2/../../../crtn.o]
    arg [/usr/libexec/gcc/i586-alt-linux/4.7.2/collect2] ==> ignore
    arg [--as-needed] ==> ignore
    arg [--build-id] ==> ignore
    arg [--eh-frame-hdr] ==> ignore
    arg [--hash-style=gnu] ==> ignore
    arg [-m] ==> ignore
    arg [elf_i386] ==> ignore
    arg [-export-dynamic] ==> ignore
    arg [-dynamic-linker] ==> ignore
    arg [/lib/ld-linux.so.2] ==> ignore
    arg [-o] ==> ignore
    arg [cmTryCompileExec4071165557] ==> ignore
    arg [-zrelro] ==> ignore
    arg [/usr/lib/gcc/i586-alt-linux/4.7.2/../../../crt1.o] ==> ignore
    arg [/usr/lib/gcc/i586-alt-linux/4.7.2/../../../crti.o] ==> ignore
    arg [/usr/lib/gcc/i586-alt-linux/4.7.2/crtbegin.o] ==> ignore
    arg [-L/usr/lib/gcc/i586-alt-linux/4.7.2] ==> dir [/usr/lib/gcc/i586-alt-linux/4.7.2]
    arg [-L/usr/lib/gcc/i586-alt-linux/4.7.2/../../..] ==> dir [/usr/lib/gcc/i586-alt-linux/4.7.2/../../..]
    arg [CMakeFiles/cmTryCompileExec4071165557.dir/CMakeCXXCompilerABI.cpp.o] ==> ignore
    arg [-lstdc++] ==> lib [stdc++]
    arg [-lm] ==> lib [m]
    arg [-lgcc_s] ==> lib [gcc_s]
    arg [-lgcc] ==> lib [gcc]
    arg [-lc] ==> lib [c]
    arg [-lgcc_s] ==> lib [gcc_s]
    arg [-lgcc] ==> lib [gcc]
    arg [/usr/lib/gcc/i586-alt-linux/4.7.2/crtend.o] ==> ignore
    arg [/usr/lib/gcc/i586-alt-linux/4.7.2/../../../crtn.o] ==> ignore
  remove lib [gcc_s]
  remove lib [gcc]
  remove lib [gcc_s]
  remove lib [gcc]
  collapse dir [/usr/lib/gcc/i586-alt-linux/4.7.2] ==> [/usr/lib/gcc/i586-alt-linux/4.7.2]
  collapse dir [/usr/lib/gcc/i586-alt-linux/4.7.2/../../..] ==> [/usr/lib]
  implicit libs: [stdc++;m;c]
  implicit dirs: [/usr/lib/gcc/i586-alt-linux/4.7.2;/usr/lib]


